<?xml version="1.0" encoding="UTF-8"?>
<!-- Generated by org.testng.reporters.JUnitReportReporter -->
<testsuite skipped="0" hostname="DESKTOP-RN11V19" name="UsingHashMap.PostStudentAPI2" tests="2" failures="0" timestamp="2020-05-28T16:31:06 IST" time="7.119" errors="0">
  <testcase name="testUsingMap1" time="5.430" classname="UsingHashMap.PostStudentAPI2"/>
  <system-out/>
  <testcase name="testUsingMap" time="1.689" classname="UsingHashMap.PostStudentAPI2"/>
  <system-out/>
</testsuite> <!-- UsingHashMap.PostStudentAPI2 -->
