<?xml version="1.0" encoding="UTF-8"?>
<!-- Generated by org.testng.reporters.JUnitReportReporter -->
<testsuite skipped="0" hostname="DESKTOP-RN11V19" name="com.test.deserialization.request" tests="1" failures="0" timestamp="2020-05-29T18:56:13 IST" time="5.037" errors="0">
  <testcase name="requestParam" time="5.037" classname="com.test.deserialization.request"/>
  <system-out/>
</testsuite> <!-- com.test.deserialization.request -->
