<?xml version="1.0" encoding="UTF-8"?>
<!-- Generated by org.testng.reporters.JUnitReportReporter -->
<testsuite skipped="0" hostname="DESKTOP-RN11V19" name="com.Harsh.app.Log4jExample" tests="1" failures="0" timestamp="2020-05-22T18:05:45 IST" time="0.022" errors="0">
  <testcase name="testLogger" time="0.022" classname="com.Harsh.app.Log4jExample"/>
  <system-out/>
</testsuite> <!-- com.Harsh.app.Log4jExample -->
