<?xml version="1.0" encoding="UTF-8"?>
<!-- Generated by org.testng.reporters.JUnitReportReporter -->
<testsuite skipped="0" hostname="DESKTOP-RN11V19" name="com.tetst.usingHashMap.PostStudentAPI" tests="2" failures="0" timestamp="2020-05-28T16:33:44 IST" time="6.183" errors="0">
  <testcase name="testUsingMap1" time="4.911" classname="com.tetst.usingHashMap.PostStudentAPI"/>
  <system-out/>
  <testcase name="testUsingMap" time="1.272" classname="com.tetst.usingHashMap.PostStudentAPI"/>
  <system-out/>
</testsuite> <!-- com.tetst.usingHashMap.PostStudentAPI -->
