<?xml version="1.0" encoding="UTF-8"?>
<!-- Generated by org.testng.reporters.JUnitReportReporter -->
<testsuite skipped="0" hostname="DESKTOP-RN11V19" name="com.test.jsonObject.PostStudentAPI" tests="2" failures="0" timestamp="2020-05-29T18:26:33 IST" time="7.199" errors="0">
  <testcase name="testUsingMap1" time="5.540" classname="com.test.jsonObject.PostStudentAPI"/>
  <system-out/>
  <testcase name="testUsingMap" time="1.659" classname="com.test.jsonObject.PostStudentAPI"/>
  <system-out/>
</testsuite> <!-- com.test.jsonObject.PostStudentAPI -->
