<?xml version="1.0" encoding="UTF-8"?>
<!-- Generated by org.testng.reporters.JUnitReportReporter -->
<testsuite skipped="0" hostname="DESKTOP-RN11V19" name="com.Harsh.app.CTest" tests="2" failures="0" timestamp="2020-05-22T14:37:19 IST" time="0.007" errors="0">
  <testcase name="b" time="0.001" classname="com.Harsh.app.CTest"/>
  <system-out/>
  <testcase name="a" time="0.006" classname="com.Harsh.app.CTest"/>
  <system-out/>
</testsuite> <!-- com.Harsh.app.CTest -->
